#
# There is insufficient memory for the Java Runtime Environment to continue.
# Native memory allocation (malloc) failed to allocate 32744 bytes for ChunkPool::allocate
# Possible reasons:
#   The system is out of physical RAM or swap space
#   The process is running with CompressedOops enabled, and the Java Heap may be blocking the growth of the native heap
# Possible solutions:
#   Reduce memory load on the system
#   Increase physical memory or swap space
#   Check if swap backing store is full
#   Decrease Java heap size (-Xmx/-Xms)
#   Decrease number of Java threads
#   Decrease Java thread stack sizes (-Xss)
#   Set larger code cache with -XX:ReservedCodeCacheSize=
#   JVM is running with Unscaled Compressed Oops mode in which the Java heap is
#     placed in the first 4GB address space. The Java Heap base address is the
#     maximum limit for the native heap growth. Please use -XX:HeapBaseMinAddress
#     to set the Java Heap base and to place the Java Heap above 4GB virtual address.
# This output file may be truncated or incomplete.
#
#  Out of Memory Error (./open/src/hotspot/share/memory/arena.cpp:79), pid=3128, tid=30676
#
# JRE version: Java(TM) SE Runtime Environment (15.0+36) (build 15+36-1562)
# Java VM: Java HotSpot(TM) 64-Bit Server VM (15+36-1562, mixed mode, sharing, tiered, compressed oops, g1 gc, windows-amd64)
# No core dump will be written. Minidumps are not enabled by default on client versions of Windows
#

---------------  S U M M A R Y ------------

Command Line: -javaagent:C:\Program Files\JetBrains\IntelliJ IDEA Community Edition 2022.2.1\lib\idea_rt.jar=50163:C:\Program Files\JetBrains\IntelliJ IDEA Community Edition 2022.2.1\bin -Dfile.encoding=UTF-8 com.org.cts.DepartmentApplication

Host: AMD Ryzen 3 3250U with Radeon Graphics         , 4 cores, 3G,  Windows 10 , 64 bit Build 22000 (10.0.22000.708)
Time: Sat Sep 24 18:31:52 2022 India Standard Time elapsed time: 1811.156539 seconds (0d 0h 30m 11s)

---------------  T H R E A D  ---------------

Current thread (0x00000239ff9b23b0):  JavaThread "C2 CompilerThread0" daemon [_thread_in_native, id=30676, stack(0x00000077b4500000,0x00000077b4600000)]


Current CompileTask:
C2:1811156 5471       4       com.mysql.cj.protocol.a.NativePacketPayload::readInteger (662 bytes)

Stack: [0x00000077b4500000,0x00000077b4600000]
Native frames: (J=compiled Java code, j=interpreted, Vv=VM code, C=native code)
V  [jvm.dll+0x629eaa]
V  [jvm.dll+0x780379]
V  [jvm.dll+0x781ad3]
V  [jvm.dll+0x782133]
V  [jvm.dll+0x2159d5]
V  [jvm.dll+0x97cdf]
V  [jvm.dll+0x97abd]
V  [jvm.dll+0x608b94]
V  [jvm.dll+0x6542ca]
V  [jvm.dll+0x18ddfd]
V  [jvm.dll+0x1e9ef2]
V  [jvm.dll+0x1e903e]
V  [jvm.dll+0x177f17]
V  [jvm.dll+0x1f88f5]
V  [jvm.dll+0x1f699c]
V  [jvm.dll+0x74384d]
V  [jvm.dll+0x73c64a]
V  [jvm.dll+0x628d16]
C  [ucrtbase.dll+0x26c0c]
C  [KERNEL32.DLL+0x154e0]
C  [ntdll.dll+0x485b]


---------------  P R O C E S S  ---------------

Threads class SMR info:
_java_thread_list=0x000002399d452b30, length=30, elements={
0x00000239ff98f9d0, 0x00000239ff992590, 0x00000239ff9aa610, 0x00000239ff9acee0,
0x00000239ff9af7b0, 0x00000239ff9b23b0, 0x00000239ff9b6cc0, 0x00000239ff9bb650,
0x00000239ff97c0d0, 0x00000239ffe01ab0, 0x000002399abac590, 0x000002399ab3b030,
0x000002399ad25b50, 0x000002399ad26020, 0x000002399bad1730, 0x000002399bacff20,
0x000002399bacd3d0, 0x000002399bad25a0, 0x000002399bacfa50, 0x000002399bad03f0,
0x000002399bad2a70, 0x000002399bad1260, 0x000002399bad2f40, 0x000002399bacd8a0,
0x000002399bad3410, 0x000002399bad3db0, 0x000002399bad4280, 0x000002399bacdd70,
0x000002399bacf580, 0x000002399bad08c0
}

Java Threads: ( => current thread )
  0x00000239ff98f9d0 JavaThread "Reference Handler" daemon [_thread_blocked, id=29568, stack(0x00000077b4000000,0x00000077b4100000)]
  0x00000239ff992590 JavaThread "Finalizer" daemon [_thread_blocked, id=20080, stack(0x00000077b4100000,0x00000077b4200000)]
  0x00000239ff9aa610 JavaThread "Signal Dispatcher" daemon [_thread_blocked, id=29200, stack(0x00000077b4200000,0x00000077b4300000)]
  0x00000239ff9acee0 JavaThread "Attach Listener" daemon [_thread_blocked, id=14172, stack(0x00000077b4300000,0x00000077b4400000)]
  0x00000239ff9af7b0 JavaThread "Service Thread" daemon [_thread_blocked, id=11648, stack(0x00000077b4400000,0x00000077b4500000)]
=>0x00000239ff9b23b0 JavaThread "C2 CompilerThread0" daemon [_thread_in_native, id=30676, stack(0x00000077b4500000,0x00000077b4600000)]
  0x00000239ff9b6cc0 JavaThread "C1 CompilerThread0" daemon [_thread_blocked, id=15712, stack(0x00000077b4600000,0x00000077b4700000)]
  0x00000239ff9bb650 JavaThread "Sweeper thread" daemon [_thread_blocked, id=30560, stack(0x00000077b4700000,0x00000077b4800000)]
  0x00000239ff97c0d0 JavaThread "Common-Cleaner" daemon [_thread_blocked, id=15404, stack(0x00000077b4800000,0x00000077b4900000)]
  0x00000239ffe01ab0 JavaThread "Notification Thread" daemon [_thread_blocked, id=27112, stack(0x00000077b4a00000,0x00000077b4b00000)]
  0x000002399abac590 JavaThread "Catalina-utility-1" [_thread_blocked, id=29672, stack(0x00000077b4e00000,0x00000077b4f00000)]
  0x000002399ab3b030 JavaThread "Catalina-utility-2" [_thread_blocked, id=22556, stack(0x00000077b5100000,0x00000077b5200000)]
  0x000002399ad25b50 JavaThread "container-0" [_thread_blocked, id=28720, stack(0x00000077b5200000,0x00000077b5300000)]
  0x000002399ad26020 JavaThread "mysql-cj-abandoned-connection-cleanup" daemon [_thread_blocked, id=9128, stack(0x00000077b5300000,0x00000077b5400000)]
  0x000002399bad1730 JavaThread "HikariPool-1 housekeeper" daemon [_thread_blocked, id=28864, stack(0x00000077b5500000,0x00000077b5600000)]
  0x000002399bacff20 JavaThread "http-nio-8080-exec-1" daemon [_thread_blocked, id=24556, stack(0x00000077b5600000,0x00000077b5700000)]
  0x000002399bacd3d0 JavaThread "http-nio-8080-exec-2" daemon [_thread_blocked, id=22336, stack(0x00000077b5700000,0x00000077b5800000)]
  0x000002399bad25a0 JavaThread "http-nio-8080-exec-3" daemon [_thread_blocked, id=15904, stack(0x00000077b5800000,0x00000077b5900000)]
  0x000002399bacfa50 JavaThread "http-nio-8080-exec-4" daemon [_thread_blocked, id=8520, stack(0x00000077b5900000,0x00000077b5a00000)]
  0x000002399bad03f0 JavaThread "http-nio-8080-exec-5" daemon [_thread_blocked, id=21072, stack(0x00000077b5a00000,0x00000077b5b00000)]
  0x000002399bad2a70 JavaThread "http-nio-8080-exec-6" daemon [_thread_blocked, id=27032, stack(0x00000077b5b00000,0x00000077b5c00000)]
  0x000002399bad1260 JavaThread "http-nio-8080-exec-7" daemon [_thread_blocked, id=14344, stack(0x00000077b5c00000,0x00000077b5d00000)]
  0x000002399bad2f40 JavaThread "http-nio-8080-exec-8" daemon [_thread_blocked, id=7276, stack(0x00000077b5d00000,0x00000077b5e00000)]
  0x000002399bacd8a0 JavaThread "http-nio-8080-exec-9" daemon [_thread_blocked, id=10784, stack(0x00000077b5e00000,0x00000077b5f00000)]
  0x000002399bad3410 JavaThread "http-nio-8080-exec-10" daemon [_thread_blocked, id=28436, stack(0x00000077b5f00000,0x00000077b6000000)]
  0x000002399bad3db0 JavaThread "http-nio-8080-Poller" daemon [_thread_in_native, id=6780, stack(0x00000077b6000000,0x00000077b6100000)]
  0x000002399bad4280 JavaThread "http-nio-8080-Acceptor" daemon [_thread_in_native, id=27232, stack(0x00000077b6100000,0x00000077b6200000)]
  0x000002399bacdd70 JavaThread "DestroyJavaVM" [_thread_blocked, id=30052, stack(0x00000077b3900000,0x00000077b3a00000)]
  0x000002399bacf580 JavaThread "HikariPool-1 connection closer" daemon [_thread_blocked, id=30240, stack(0x00000077b3600000,0x00000077b3700000)]
  0x000002399bad08c0 JavaThread "HikariPool-1 connection adder" daemon [_thread_blocked, id=30248, stack(0x00000077b3700000,0x00000077b3800000)]

Other Threads:
  0x00000239ff98b9c0 VMThread "VM Thread" [stack: 0x00000077b3f00000,0x00000077b4000000] [id=29908]
  0x00000239fc223c70 WatcherThread [stack: 0x00000077b4b00000,0x00000077b4c00000] [id=26652]
  0x00000239fc251f20 GCTaskThread "GC Thread#0" [stack: 0x00000077b3a00000,0x00000077b3b00000] [id=19604]
  0x000002399a77c590 GCTaskThread "GC Thread#1" [stack: 0x00000077b4c00000,0x00000077b4d00000] [id=30056]
  0x000002399a77a8e0 GCTaskThread "GC Thread#2" [stack: 0x00000077b4f00000,0x00000077b5000000] [id=16560]
  0x000002399a778f60 GCTaskThread "GC Thread#3" [stack: 0x00000077b5000000,0x00000077b5100000] [id=3856]
  0x00000239fc259dc0 ConcurrentGCThread "G1 Main Marker" [stack: 0x00000077b3b00000,0x00000077b3c00000] [id=28372]
  0x00000239fc25a8c0 ConcurrentGCThread "G1 Conc#0" [stack: 0x00000077b3c00000,0x00000077b3d00000] [id=25204]
  0x00000239fc294800 ConcurrentGCThread "G1 Refine#0" [stack: 0x00000077b3d00000,0x00000077b3e00000] [id=15552]
  0x000002399ac1a860 ConcurrentGCThread "G1 Refine#1" [stack: 0x00000077b4d00000,0x00000077b4e00000] [id=3396]
  0x000002399d943150 ConcurrentGCThread "G1 Refine#2" [stack: 0x00000077b4900000,0x00000077b4a00000] [id=6604]
  0x00000239fc296460 ConcurrentGCThread "G1 Young RemSet Sampling" [stack: 0x00000077b3e00000,0x00000077b3f00000] [id=29576]

Threads with active compile tasks:
C2 CompilerThread0  1811261 5471       4       com.mysql.cj.protocol.a.NativePacketPayload::readInteger (662 bytes)

VM state: not at safepoint (normal execution)

VM Mutex/Monitor currently owned by a thread: None

Heap address: 0x00000000c8e00000, size: 882 MB, Compressed Oops mode: 32-bit
CDS archive(s) mapped at: [0x0000000800000000-0x0000000800b50000-0x0000000800b50000), size 11862016, SharedBaseAddress: 0x0000000800000000, ArchiveRelocationMode: 0.
Compressed class space mapped at: 0x0000000800b50000-0x0000000840b50000, size: 1073741824
Narrow klass base: 0x0000000800000000, Narrow klass shift: 3, Narrow klass range: 0x100000000

GC Precious Log:
 CPUs: 4 total, 4 available
 Memory: 3526M
 Large Page Support: Disabled
 NUMA Support: Disabled
 Compressed Oops: Enabled (32-bit)
 Heap Region Size: 1M
 Heap Min Capacity: 8M
 Heap Initial Capacity: 56M
 Heap Max Capacity: 882M
 Pre-touch: Disabled
 Parallel Workers: 4
 Concurrent Workers: 1
 Concurrent Refinement Workers: 4
 Periodic GC: Disabled

Heap:
 garbage-first heap   total 54272K, used 39560K [0x00000000c8e00000, 0x0000000100000000)
  region size 1024K, 15 young (15360K), 1 survivors (1024K)
 Metaspace       used 58327K, capacity 58754K, committed 59184K, reserved 1101824K
  class space    used 7478K, capacity 7657K, committed 7808K, reserved 1048576K

Heap Regions: E=young(eden), S=young(survivor), O=old, HS=humongous(starts), HC=humongous(continues), CS=collection set, F=free, OA=open archive, CA=closed archive, TAMS=top-at-mark-start (previous, next)
|   0|0x00000000c8e00000, 0x00000000c8f00000, 0x00000000c8f00000|100%|HS|  |TAMS 0x00000000c8f00000, 0x00000000c8e00000| Complete 
|   1|0x00000000c8f00000, 0x00000000c9000000, 0x00000000c9000000|100%| O|  |TAMS 0x00000000c9000000, 0x00000000c8f00000| Untracked 
|   2|0x00000000c9000000, 0x00000000c9100000, 0x00000000c9100000|100%| O|  |TAMS 0x00000000c9100000, 0x00000000c9000000| Untracked 
|   3|0x00000000c9100000, 0x00000000c9200000, 0x00000000c9200000|100%| O|  |TAMS 0x00000000c9200000, 0x00000000c9100000| Untracked 
|   4|0x00000000c9200000, 0x00000000c9300000, 0x00000000c9300000|100%| O|  |TAMS 0x00000000c9300000, 0x00000000c9200000| Untracked 
|   5|0x00000000c9300000, 0x00000000c9400000, 0x00000000c9400000|100%| O|  |TAMS 0x00000000c9400000, 0x00000000c9300000| Untracked 
|   6|0x00000000c9400000, 0x00000000c9500000, 0x00000000c9500000|100%| O|  |TAMS 0x00000000c9500000, 0x00000000c9400000| Untracked 
|   7|0x00000000c9500000, 0x00000000c9600000, 0x00000000c9600000|100%| O|  |TAMS 0x00000000c9600000, 0x00000000c9500000| Untracked 
|   8|0x00000000c9600000, 0x00000000c9600000, 0x00000000c9700000|  0%| F|  |TAMS 0x00000000c9600000, 0x00000000c9600000| Untracked 
|   9|0x00000000c9700000, 0x00000000c9800000, 0x00000000c9800000|100%| O|  |TAMS 0x00000000c9800000, 0x00000000c9700000| Untracked 
|  10|0x00000000c9800000, 0x00000000c9800000, 0x00000000c9900000|  0%| F|  |TAMS 0x00000000c9800000, 0x00000000c9800000| Untracked 
|  11|0x00000000c9900000, 0x00000000c9a00000, 0x00000000c9a00000|100%| O|  |TAMS 0x00000000c9a00000, 0x00000000c9900000| Untracked 
|  12|0x00000000c9a00000, 0x00000000c9b00000, 0x00000000c9b00000|100%| O|  |TAMS 0x00000000c9b00000, 0x00000000c9a00000| Untracked 
|  13|0x00000000c9b00000, 0x00000000c9b00000, 0x00000000c9c00000|  0%| F|  |TAMS 0x00000000c9b00000, 0x00000000c9b00000| Untracked 
|  14|0x00000000c9c00000, 0x00000000c9d00000, 0x00000000c9d00000|100%| O|  |TAMS 0x00000000c9d00000, 0x00000000c9c00000| Untracked 
|  15|0x00000000c9d00000, 0x00000000c9e00000, 0x00000000c9e00000|100%| O|  |TAMS 0x00000000c9e00000, 0x00000000c9d00000| Untracked 
|  16|0x00000000c9e00000, 0x00000000c9f00000, 0x00000000c9f00000|100%| O|  |TAMS 0x00000000c9f00000, 0x00000000c9e00000| Untracked 
|  17|0x00000000c9f00000, 0x00000000ca000000, 0x00000000ca000000|100%| O|  |TAMS 0x00000000ca000000, 0x00000000c9f00000| Untracked 
|  18|0x00000000ca000000, 0x00000000ca100000, 0x00000000ca100000|100%| O|  |TAMS 0x00000000ca100000, 0x00000000ca000000| Untracked 
|  19|0x00000000ca100000, 0x00000000ca100000, 0x00000000ca200000|  0%| F|  |TAMS 0x00000000ca100000, 0x00000000ca100000| Untracked 
|  20|0x00000000ca200000, 0x00000000ca300000, 0x00000000ca300000|100%| O|  |TAMS 0x00000000ca300000, 0x00000000ca200000| Untracked 
|  21|0x00000000ca300000, 0x00000000ca400000, 0x00000000ca400000|100%| O|  |TAMS 0x00000000ca400000, 0x00000000ca300000| Untracked 
|  22|0x00000000ca400000, 0x00000000ca500000, 0x00000000ca500000|100%| O|  |TAMS 0x00000000ca500000, 0x00000000ca400000| Untracked 
|  23|0x00000000ca500000, 0x00000000ca500000, 0x00000000ca600000|  0%| F|  |TAMS 0x00000000ca500000, 0x00000000ca500000| Untracked 
|  24|0x00000000ca600000, 0x00000000ca600000, 0x00000000ca700000|  0%| F|  |TAMS 0x00000000ca600000, 0x00000000ca600000| Untracked 
|  25|0x00000000ca700000, 0x00000000ca800000, 0x00000000ca800000|100%| O|  |TAMS 0x00000000ca75d000, 0x00000000ca700000| Untracked 
|  26|0x00000000ca800000, 0x00000000ca900000, 0x00000000ca900000|100%| O|  |TAMS 0x00000000ca800000, 0x00000000ca800000| Untracked 
|  27|0x00000000ca900000, 0x00000000caa00000, 0x00000000caa00000|100%| O|  |TAMS 0x00000000ca900000, 0x00000000ca900000| Untracked 
|  28|0x00000000caa00000, 0x00000000cab00000, 0x00000000cab00000|100%| O|  |TAMS 0x00000000caa00000, 0x00000000caa00000| Untracked 
|  29|0x00000000cab00000, 0x00000000cac00000, 0x00000000cac00000|100%| O|  |TAMS 0x00000000cab00000, 0x00000000cab00000| Untracked 
|  30|0x00000000cac00000, 0x00000000cad00000, 0x00000000cad00000|100%| O|  |TAMS 0x00000000cac00000, 0x00000000cac00000| Untracked 
|  31|0x00000000cad00000, 0x00000000cae00000, 0x00000000cae00000|100%| O|  |TAMS 0x00000000cad00000, 0x00000000cad00000| Untracked 
|  32|0x00000000cae00000, 0x00000000cae96400, 0x00000000caf00000| 58%| O|  |TAMS 0x00000000cae00000, 0x00000000cae00000| Untracked 
|  33|0x00000000caf00000, 0x00000000caf00000, 0x00000000cb000000|  0%| F|  |TAMS 0x00000000caf00000, 0x00000000caf00000| Untracked 
|  34|0x00000000cb000000, 0x00000000cb000000, 0x00000000cb100000|  0%| F|  |TAMS 0x00000000cb000000, 0x00000000cb000000| Untracked 
|  35|0x00000000cb100000, 0x00000000cb100000, 0x00000000cb200000|  0%| F|  |TAMS 0x00000000cb100000, 0x00000000cb100000| Untracked 
|  36|0x00000000cb200000, 0x00000000cb200000, 0x00000000cb300000|  0%| F|  |TAMS 0x00000000cb200000, 0x00000000cb200000| Untracked 
|  37|0x00000000cb300000, 0x00000000cb300000, 0x00000000cb400000|  0%| F|  |TAMS 0x00000000cb300000, 0x00000000cb300000| Untracked 
|  38|0x00000000cb400000, 0x00000000cb462780, 0x00000000cb500000| 38%| E|  |TAMS 0x00000000cb400000, 0x00000000cb400000| Complete 
|  39|0x00000000cb500000, 0x00000000cb600000, 0x00000000cb600000|100%| E|CS|TAMS 0x00000000cb500000, 0x00000000cb500000| Complete 
|  40|0x00000000cb600000, 0x00000000cb700000, 0x00000000cb700000|100%| E|CS|TAMS 0x00000000cb600000, 0x00000000cb600000| Complete 
|  41|0x00000000cb700000, 0x00000000cb800000, 0x00000000cb800000|100%| E|CS|TAMS 0x00000000cb700000, 0x00000000cb700000| Complete 
|  42|0x00000000cb800000, 0x00000000cb900000, 0x00000000cb900000|100%| E|CS|TAMS 0x00000000cb800000, 0x00000000cb800000| Complete 
|  43|0x00000000cb900000, 0x00000000cba00000, 0x00000000cba00000|100%| E|CS|TAMS 0x00000000cb900000, 0x00000000cb900000| Complete 
|  44|0x00000000cba00000, 0x00000000cbb00000, 0x00000000cbb00000|100%| E|CS|TAMS 0x00000000cba00000, 0x00000000cba00000| Complete 
|  45|0x00000000cbb00000, 0x00000000cbc00000, 0x00000000cbc00000|100%| E|CS|TAMS 0x00000000cbb00000, 0x00000000cbb00000| Complete 
|  46|0x00000000cbc00000, 0x00000000cbd00000, 0x00000000cbd00000|100%| E|CS|TAMS 0x00000000cbc00000, 0x00000000cbc00000| Complete 
|  47|0x00000000cbd00000, 0x00000000cbe00000, 0x00000000cbe00000|100%| E|  |TAMS 0x00000000cbd00000, 0x00000000cbd00000| Complete 
|  48|0x00000000cbe00000, 0x00000000cbf00000, 0x00000000cbf00000|100%| E|CS|TAMS 0x00000000cbe00000, 0x00000000cbe00000| Complete 
|  49|0x00000000cbf00000, 0x00000000cc000000, 0x00000000cc000000|100%| E|CS|TAMS 0x00000000cbf00000, 0x00000000cbf00000| Complete 
|  50|0x00000000cc000000, 0x00000000cc100000, 0x00000000cc100000|100%| E|CS|TAMS 0x00000000cc000000, 0x00000000cc000000| Complete 
|  51|0x00000000cc100000, 0x00000000cc10bf00, 0x00000000cc200000|  4%| S|CS|TAMS 0x00000000cc100000, 0x00000000cc100000| Complete 
|  55|0x00000000cc500000, 0x00000000cc600000, 0x00000000cc600000|100%| E|CS|TAMS 0x00000000cc500000, 0x00000000cc500000| Complete 

Card table byte_map: [0x00000239fe2d0000,0x00000239fe490000] _byte_map_base: 0x00000239fdc89000

Marking Bits (Prev, Next): (CMBitMap*) 0x00000239fc252660, (CMBitMap*) 0x00000239fc252620
 Prev Bits: [0x0000023997160000, 0x0000023997f28000)
 Next Bits: [0x00000239fe650000, 0x00000239ff418000)

Polling page: 0x00000239fc2f0000

Metaspace:

Usage:
  Non-class:     49.90 MB capacity,    49.66 MB (>99%) used,   179.62 KB ( <1%) free+waste,    69.06 KB ( <1%) overhead. 
      Class:      7.48 MB capacity,     7.30 MB ( 98%) used,   152.55 KB (  2%) free+waste,    25.62 KB ( <1%) overhead. 
       Both:     57.38 MB capacity,    56.96 MB (>99%) used,   332.18 KB ( <1%) free+waste,    94.69 KB ( <1%) overhead. 

Virtual space:
  Non-class space:       52.00 MB reserved,      50.17 MB ( 96%) committed 
      Class space:        1.00 GB reserved,       7.62 MB ( <1%) committed 
             Both:        1.05 GB reserved,      57.80 MB (  5%) committed 

Chunk freelists:
   Non-Class:  151.00 KB
       Class:  55.00 KB
        Both:  206.00 KB

MaxMetaspaceSize: 17179869184.00 GB
CompressedClassSpaceSize: 1.00 GB

CodeHeap 'non-profiled nmethods': size=120000Kb used=2513Kb max_used=2818Kb free=117486Kb
 bounds [0x000002398fc30000, 0x000002398ff00000, 0x0000023997160000]
CodeHeap 'profiled nmethods': size=120000Kb used=8721Kb max_used=10085Kb free=111278Kb
 bounds [0x0000023988700000, 0x00000239890e0000, 0x000002398fc30000]
CodeHeap 'non-nmethods': size=5760Kb used=1330Kb max_used=1373Kb free=4429Kb
 bounds [0x0000023988160000, 0x00000239883d0000, 0x0000023988700000]
 total_blobs=5237 nmethods=4610 adapters=539
 compilation: enabled
              stopped_count=0, restarted_count=0
 full_count=0

Compilation events (20 events):
Event: 1811.107 Thread 0x00000239ff9b6cc0 nmethod 5463 0x0000023988d31610 code [0x0000023988d317a0, 0x0000023988d318b8]
Event: 1811.123 Thread 0x00000239ff9b6cc0 5464       3       java.nio.ByteBuffer::arrayOffset (35 bytes)
Event: 1811.123 Thread 0x00000239ff9b6cc0 nmethod 5464 0x0000023988751910 code [0x0000023988751ae0, 0x0000023988751db8]
Event: 1811.129 Thread 0x00000239ff9b6cc0 5465       3       sun.security.ssl.SignatureScheme::getPreferableAlgorithm (84 bytes)
Event: 1811.130 Thread 0x00000239ff9b6cc0 nmethod 5465 0x0000023988750d10 code [0x0000023988750f20, 0x0000023988751698]
Event: 1811.130 Thread 0x00000239ff9b6cc0 5466       3       sun.security.ssl.X509Authentication::valueOf (45 bytes)
Event: 1811.132 Thread 0x00000239ff9b6cc0 nmethod 5466 0x0000023988afbe90 code [0x0000023988afc060, 0x0000023988afc4f8]
Event: 1811.132 Thread 0x00000239ff9b6cc0 5467       3       sun.security.ssl.X509Authentication::values (10 bytes)
Event: 1811.132 Thread 0x00000239ff9b6cc0 nmethod 5467 0x000002398873c410 code [0x000002398873c5c0, 0x000002398873c868]
Event: 1811.133 Thread 0x00000239ff9b6cc0 5468       3       javax.crypto.Mac::update (37 bytes)
Event: 1811.134 Thread 0x00000239ff9b6cc0 nmethod 5468 0x0000023988afb810 code [0x0000023988afb9e0, 0x0000023988afbd48]
Event: 1811.134 Thread 0x00000239ff9b6cc0 5470       3       com.mysql.cj.protocol.a.NativePacketPayload::writeBytes (10 bytes)
Event: 1811.134 Thread 0x00000239ff9b6cc0 nmethod 5470 0x0000023988745490 code [0x0000023988745640, 0x0000023988745788]
Event: 1811.134 Thread 0x00000239ff9b6cc0 5469       3       java.io.BufferedOutputStream::flushBuffer (29 bytes)
Event: 1811.135 Thread 0x00000239ff9b6cc0 nmethod 5469 0x0000023988750810 code [0x00000239887509c0, 0x0000023988750be8]
Event: 1811.140 Thread 0x00000239ff9b23b0 5471       4       com.mysql.cj.protocol.a.NativePacketPayload::readInteger (662 bytes)
Event: 1811.144 Thread 0x00000239ff9b6cc0 5472       3       sun.nio.ch.NioSocketImpl::ensureOpen (35 bytes)
Event: 1811.144 Thread 0x00000239ff9b6cc0 nmethod 5472 0x0000023988afb010 code [0x0000023988afb1c0, 0x0000023988afb498]
Event: 1811.144 Thread 0x00000239ff9b6cc0 5473       3       sun.nio.ch.SocketDispatcher::write (8 bytes)
Event: 1811.145 Thread 0x00000239ff9b6cc0 nmethod 5473 0x0000023988e05690 code [0x0000023988e05840, 0x0000023988e05968]

GC Heap History (20 events):
Event: 13.581 GC heap before
{Heap before GC invocations=12 (full 0):
 garbage-first heap   total 54272K, used 22065K [0x00000000c8e00000, 0x0000000100000000)
  region size 1024K, 9 young (9216K), 2 survivors (2048K)
 Metaspace       used 35374K, capacity 35790K, committed 35888K, reserved 1081344K
  class space    used 4497K, capacity 4665K, committed 4736K, reserved 1048576K
}
Event: 13.587 GC heap after
{Heap after GC invocations=13 (full 0):
 garbage-first heap   total 54272K, used 16831K [0x00000000c8e00000, 0x0000000100000000)
  region size 1024K, 3 young (3072K), 3 survivors (3072K)
 Metaspace       used 35374K, capacity 35790K, committed 35888K, reserved 1081344K
  class space    used 4497K, capacity 4665K, committed 4736K, reserved 1048576K
}
Event: 15.777 GC heap before
{Heap before GC invocations=14 (full 0):
 garbage-first heap   total 54272K, used 41407K [0x00000000c8e00000, 0x0000000100000000)
  region size 1024K, 28 young (28672K), 3 survivors (3072K)
 Metaspace       used 41503K, capacity 41891K, committed 42032K, reserved 1085440K
  class space    used 5266K, capacity 5414K, committed 5504K, reserved 1048576K
}
Event: 15.788 GC heap after
{Heap after GC invocations=15 (full 0):
 garbage-first heap   total 54272K, used 19466K [0x00000000c8e00000, 0x0000000100000000)
  region size 1024K, 4 young (4096K), 4 survivors (4096K)
 Metaspace       used 41503K, capacity 41891K, committed 42032K, reserved 1085440K
  class space    used 5266K, capacity 5414K, committed 5504K, reserved 1048576K
}
Event: 16.262 GC heap before
{Heap before GC invocations=15 (full 0):
 garbage-first heap   total 54272K, used 39946K [0x00000000c8e00000, 0x0000000100000000)
  region size 1024K, 25 young (25600K), 4 survivors (4096K)
 Metaspace       used 42097K, capacity 42537K, committed 42800K, reserved 1087488K
  class space    used 5310K, capacity 5479K, committed 5504K, reserved 1048576K
}
Event: 16.268 GC heap after
{Heap after GC invocations=16 (full 0):
 garbage-first heap   total 54272K, used 21592K [0x00000000c8e00000, 0x0000000100000000)
  region size 1024K, 2 young (2048K), 2 survivors (2048K)
 Metaspace       used 42097K, capacity 42537K, committed 42800K, reserved 1087488K
  class space    used 5310K, capacity 5479K, committed 5504K, reserved 1048576K
}
Event: 17.907 GC heap before
{Heap before GC invocations=16 (full 0):
 garbage-first heap   total 54272K, used 41048K [0x00000000c8e00000, 0x0000000100000000)
  region size 1024K, 22 young (22528K), 2 survivors (2048K)
 Metaspace       used 46406K, capacity 46840K, committed 47024K, reserved 1089536K
  class space    used 5953K, capacity 6122K, committed 6144K, reserved 1048576K
}
Event: 17.912 GC heap after
{Heap after GC invocations=17 (full 0):
 garbage-first heap   total 54272K, used 22999K [0x00000000c8e00000, 0x0000000100000000)
  region size 1024K, 2 young (2048K), 2 survivors (2048K)
 Metaspace       used 46406K, capacity 46840K, committed 47024K, reserved 1089536K
  class space    used 5953K, capacity 6122K, committed 6144K, reserved 1048576K
}
Event: 20.376 GC heap before
{Heap before GC invocations=17 (full 0):
 garbage-first heap   total 54272K, used 40407K [0x00000000c8e00000, 0x0000000100000000)
  region size 1024K, 20 young (20480K), 2 survivors (2048K)
 Metaspace       used 50790K, capacity 51269K, committed 51504K, reserved 1093632K
  class space    used 6523K, capacity 6677K, committed 6784K, reserved 1048576K
}
Event: 20.382 GC heap after
{Heap after GC invocations=18 (full 0):
 garbage-first heap   total 54272K, used 24171K [0x00000000c8e00000, 0x0000000100000000)
  region size 1024K, 3 young (3072K), 3 survivors (3072K)
 Metaspace       used 50790K, capacity 51269K, committed 51504K, reserved 1093632K
  class space    used 6523K, capacity 6677K, committed 6784K, reserved 1048576K
}
Event: 21.630 GC heap before
{Heap before GC invocations=18 (full 0):
 garbage-first heap   total 54272K, used 42603K [0x00000000c8e00000, 0x0000000100000000)
  region size 1024K, 21 young (21504K), 3 survivors (3072K)
 Metaspace       used 52753K, capacity 53276K, committed 53552K, reserved 1095680K
  class space    used 6826K, capacity 7003K, committed 7040K, reserved 1048576K
}
Event: 21.639 GC heap after
{Heap after GC invocations=19 (full 0):
 garbage-first heap   total 54272K, used 25958K [0x00000000c8e00000, 0x0000000100000000)
  region size 1024K, 3 young (3072K), 3 survivors (3072K)
 Metaspace       used 52753K, capacity 53276K, committed 53552K, reserved 1095680K
  class space    used 6826K, capacity 7003K, committed 7040K, reserved 1048576K
}
Event: 42.134 GC heap before
{Heap before GC invocations=19 (full 0):
 garbage-first heap   total 54272K, used 43366K [0x00000000c8e00000, 0x0000000100000000)
  region size 1024K, 20 young (20480K), 3 survivors (3072K)
 Metaspace       used 55863K, capacity 56395K, committed 56496K, reserved 1097728K
  class space    used 7201K, capacity 7375K, committed 7424K, reserved 1048576K
}
Event: 42.164 GC heap after
{Heap after GC invocations=20 (full 0):
 garbage-first heap   total 54272K, used 27506K [0x00000000c8e00000, 0x0000000100000000)
  region size 1024K, 2 young (2048K), 2 survivors (2048K)
 Metaspace       used 55863K, capacity 56395K, committed 56496K, reserved 1097728K
  class space    used 7201K, capacity 7375K, committed 7424K, reserved 1048576K
}
Event: 1786.225 GC heap before
{Heap before GC invocations=20 (full 0):
 garbage-first heap   total 54272K, used 41842K [0x00000000c8e00000, 0x0000000100000000)
  region size 1024K, 17 young (17408K), 2 survivors (2048K)
 Metaspace       used 58349K, capacity 58830K, committed 59184K, reserved 1101824K
  class space    used 7498K, capacity 7696K, committed 7808K, reserved 1048576K
}
Event: 1786.389 GC heap after
{Heap after GC invocations=21 (full 0):
 garbage-first heap   total 54272K, used 28291K [0x00000000c8e00000, 0x0000000100000000)
  region size 1024K, 3 young (3072K), 3 survivors (3072K)
 Metaspace       used 58349K, capacity 58830K, committed 59184K, reserved 1101824K
  class space    used 7498K, capacity 7696K, committed 7808K, reserved 1048576K
}
Event: 1802.742 GC heap before
{Heap before GC invocations=22 (full 0):
 garbage-first heap   total 54272K, used 42627K [0x00000000c8e00000, 0x0000000100000000)
  region size 1024K, 17 young (17408K), 3 survivors (3072K)
 Metaspace       used 58293K, capacity 58748K, committed 59184K, reserved 1101824K
  class space    used 7478K, capacity 7656K, committed 7808K, reserved 1048576K
}
Event: 1802.756 GC heap after
{Heap after GC invocations=23 (full 0):
 garbage-first heap   total 54272K, used 29249K [0x00000000c8e00000, 0x0000000100000000)
  region size 1024K, 3 young (3072K), 3 survivors (3072K)
 Metaspace       used 58293K, capacity 58748K, committed 59184K, reserved 1101824K
  class space    used 7478K, capacity 7656K, committed 7808K, reserved 1048576K
}
Event: 1802.762 GC heap before
{Heap before GC invocations=23 (full 0):
 garbage-first heap   total 54272K, used 30273K [0x00000000c8e00000, 0x0000000100000000)
  region size 1024K, 4 young (4096K), 3 survivors (3072K)
 Metaspace       used 58293K, capacity 58748K, committed 59184K, reserved 1101824K
  class space    used 7478K, capacity 7656K, committed 7808K, reserved 1048576K
}
Event: 1802.797 GC heap after
{Heap after GC invocations=24 (full 0):
 garbage-first heap   total 54272K, used 27272K [0x00000000c8e00000, 0x0000000100000000)
  region size 1024K, 1 young (1024K), 1 survivors (1024K)
 Metaspace       used 58293K, capacity 58748K, committed 59184K, reserved 1101824K
  class space    used 7478K, capacity 7656K, committed 7808K, reserved 1048576K
}

Deoptimization events (20 events):
Event: 1797.913 Thread 0x000002399bad08c0 DEOPT PACKING pc=0x0000023988719f93 sp=0x00000077b37fda70
Event: 1797.913 Thread 0x000002399bad08c0 DEOPT UNPACKING pc=0x00000239881ae23f sp=0x00000077b37fcf68 mode 0
Event: 1797.920 Thread 0x000002399bad08c0 DEOPT PACKING pc=0x0000023988f982c7 sp=0x00000077b37fd540
Event: 1797.921 Thread 0x000002399bad08c0 DEOPT UNPACKING pc=0x00000239881ae23f sp=0x00000077b37fca00 mode 0
Event: 1798.154 Thread 0x000002399bad08c0 DEOPT PACKING pc=0x0000023988f982c7 sp=0x00000077b37fd270
Event: 1798.154 Thread 0x000002399bad08c0 DEOPT UNPACKING pc=0x00000239881ae23f sp=0x00000077b37fc730 mode 0
Event: 1802.863 Thread 0x000002399bad08c0 DEOPT PACKING pc=0x0000023988f52d09 sp=0x00000077b37fd580
Event: 1802.863 Thread 0x000002399bad08c0 DEOPT UNPACKING pc=0x00000239881ae23f sp=0x00000077b37fca00 mode 0
Event: 1802.864 Thread 0x000002399bad08c0 DEOPT PACKING pc=0x0000023988f9994d sp=0x00000077b37fd710
Event: 1802.864 Thread 0x000002399bad08c0 DEOPT UNPACKING pc=0x00000239881ae23f sp=0x00000077b37fcbb0 mode 0
Event: 1802.869 Thread 0x000002399bad08c0 DEOPT PACKING pc=0x0000023988719f93 sp=0x00000077b37fd800
Event: 1802.869 Thread 0x000002399bad08c0 DEOPT UNPACKING pc=0x00000239881ae23f sp=0x00000077b37fccf8 mode 0
Event: 1806.107 Thread 0x000002399bad08c0 DEOPT PACKING pc=0x0000023988e7d28d sp=0x00000077b37fd6e0
Event: 1806.107 Thread 0x000002399bad08c0 DEOPT UNPACKING pc=0x00000239881ae23f sp=0x00000077b37fcb90 mode 0
Event: 1806.108 Thread 0x000002399bad08c0 DEOPT PACKING pc=0x0000023988f79569 sp=0x00000077b37fd8c0
Event: 1806.108 Thread 0x000002399bad08c0 DEOPT UNPACKING pc=0x00000239881ae23f sp=0x00000077b37fcd40 mode 0
Event: 1811.127 Thread 0x000002399bad08c0 DEOPT PACKING pc=0x0000023988c9b2cf sp=0x00000077b37fd700
Event: 1811.127 Thread 0x000002399bad08c0 DEOPT UNPACKING pc=0x00000239881ae23f sp=0x00000077b37fcb80 mode 0
Event: 1811.128 Thread 0x000002399bad08c0 DEOPT PACKING pc=0x0000023988719f93 sp=0x00000077b37fdaa0
Event: 1811.128 Thread 0x000002399bad08c0 DEOPT UNPACKING pc=0x00000239881ae23f sp=0x00000077b37fcf98 mode 0

Classes unloaded (20 events):
Event: 1786.726 Thread 0x00000239ff98b9c0 Unloading class 0x0000000800c45440 'java/lang/invoke/LambdaForm$MH+0x0000000800c45440'
Event: 1786.726 Thread 0x00000239ff98b9c0 Unloading class 0x0000000800c45040 'java/lang/invoke/LambdaForm$MH+0x0000000800c45040'
Event: 1786.726 Thread 0x00000239ff98b9c0 Unloading class 0x0000000800c45c40 'java/lang/invoke/LambdaForm$MH+0x0000000800c45c40'
Event: 1786.726 Thread 0x00000239ff98b9c0 Unloading class 0x0000000800c45840 'java/lang/invoke/LambdaForm$MH+0x0000000800c45840'
Event: 1786.726 Thread 0x00000239ff98b9c0 Unloading class 0x0000000800c43440 'java/lang/invoke/LambdaForm$MH+0x0000000800c43440'
Event: 1786.726 Thread 0x00000239ff98b9c0 Unloading class 0x0000000800c43040 'java/lang/invoke/LambdaForm$MH+0x0000000800c43040'
Event: 1786.728 Thread 0x00000239ff98b9c0 Unloading class 0x0000000800c42c40 'java/lang/invoke/LambdaForm$MH+0x0000000800c42c40'
Event: 1786.728 Thread 0x00000239ff98b9c0 Unloading class 0x0000000800c42840 'java/lang/invoke/LambdaForm$MH+0x0000000800c42840'
Event: 1786.728 Thread 0x00000239ff98b9c0 Unloading class 0x0000000800c42440 'java/lang/invoke/LambdaForm$MH+0x0000000800c42440'
Event: 1786.728 Thread 0x00000239ff98b9c0 Unloading class 0x0000000800c41440 'java/lang/invoke/LambdaForm$MH+0x0000000800c41440'
Event: 1786.728 Thread 0x00000239ff98b9c0 Unloading class 0x0000000800bf9840 'java/lang/invoke/LambdaForm$MH+0x0000000800bf9840'
Event: 1786.728 Thread 0x00000239ff98b9c0 Unloading class 0x0000000800bf9040 'java/lang/invoke/LambdaForm$MH+0x0000000800bf9040'
Event: 1786.728 Thread 0x00000239ff98b9c0 Unloading class 0x0000000800bf8c40 'java/lang/invoke/LambdaForm$MH+0x0000000800bf8c40'
Event: 1786.728 Thread 0x00000239ff98b9c0 Unloading class 0x0000000800bf8840 'java/lang/invoke/LambdaForm$MH+0x0000000800bf8840'
Event: 1786.728 Thread 0x00000239ff98b9c0 Unloading class 0x0000000800bf8440 'java/lang/invoke/LambdaForm$MH+0x0000000800bf8440'
Event: 1786.728 Thread 0x00000239ff98b9c0 Unloading class 0x0000000800bf8040 'java/lang/invoke/LambdaForm$MH+0x0000000800bf8040'
Event: 1786.728 Thread 0x00000239ff98b9c0 Unloading class 0x0000000800bb3440 'java/lang/invoke/LambdaForm$MH+0x0000000800bb3440'
Event: 1786.728 Thread 0x00000239ff98b9c0 Unloading class 0x0000000800bb3040 'java/lang/invoke/LambdaForm$MH+0x0000000800bb3040'
Event: 1786.728 Thread 0x00000239ff98b9c0 Unloading class 0x0000000800bb3c40 'java/lang/invoke/LambdaForm$MH+0x0000000800bb3c40'
Event: 1786.729 Thread 0x00000239ff98b9c0 Unloading class 0x0000000800bb4440 'java/lang/invoke/LambdaForm$MH+0x0000000800bb4440'

Classes redefined (0 events):
No events

Internal exceptions (20 events):
Event: 21.604 Thread 0x00000239fc221ce0 Exception <a 'java/lang/NoSuchMethodError'{0x00000000cb17b028}: 'void java.lang.invoke.DirectMethodHandle$Holder.invokeVirtual(java.lang.Object, java.lang.Object, int)'> (0x00000000cb17b028) 
thrown [./open/src/hotspot/share/interpreter/linkResolver.cpp, line 782]
Event: 21.609 Thread 0x00000239fc221ce0 Exception <a 'java/lang/NoSuchMethodError'{0x00000000cb197580}: 'void java.lang.invoke.DirectMethodHandle$Holder.invokeVirtual(java.lang.Object, java.lang.Object, long)'> (0x00000000cb197580) 
thrown [./open/src/hotspot/share/interpreter/linkResolver.cpp, line 782]
Event: 22.172 Thread 0x00000239fc221ce0 Exception <a 'java/lang/IncompatibleClassChangeError'{0x00000000cbd8f140}: Found class java.lang.Object, but interface was expected> (0x00000000cbd8f140) 
thrown [./open/src/hotspot/share/interpreter/linkResolver.cpp, line 848]
Event: 22.365 Thread 0x00000239fc221ce0 Implicit null exception at 0x000002398fd3a35a to 0x000002398fd3a550
Event: 22.527 Thread 0x00000239fc221ce0 Exception <a 'java/lang/NoSuchMethodError'{0x00000000cb765328}: 'java.lang.Object java.lang.invoke.DirectMethodHandle$Holder.invokeSpecial(java.lang.Object, java.lang.Object, int, java.lang.Object, int, java.lang.Object)'> (0x00000000cb765328) 
thrown [./open/src/hotspot/share/interpreter/linkResolver.cpp, line 782]
Event: 22.529 Thread 0x00000239fc221ce0 Exception <a 'java/lang/NoSuchMethodError'{0x00000000cb76db10}: 'java.lang.Object java.lang.invoke.DirectMethodHandle$Holder.newInvokeSpecial(java.lang.Object, java.lang.Object, int, java.lang.Object, int)'> (0x00000000cb76db10) 
thrown [./open/src/hotspot/share/interpreter/linkResolver.cpp, line 782]
Event: 22.529 Thread 0x00000239fc221ce0 Exception <a 'java/lang/NoSuchMethodError'{0x00000000cb771d20}: 'java.lang.Object java.lang.invoke.DirectMethodHandle$Holder.invokeSpecial(java.lang.Object, java.lang.Object, java.lang.Object, int, java.lang.Object, int)'> (0x00000000cb771d20) 
thrown [./open/src/hotspot/share/interpreter/linkResolver.cpp, line 782]
Event: 22.533 Thread 0x00000239fc221ce0 Exception <a 'java/lang/NoSuchMethodError'{0x00000000cb77c278}: 'void java.lang.invoke.DirectMethodHandle$Holder.invokeVirtual(java.lang.Object, java.lang.Object)'> (0x00000000cb77c278) 
thrown [./open/src/hotspot/share/interpreter/linkResolver.cpp, line 782]
Event: 42.880 Thread 0x000002399bacd3d0 Exception <a 'java/lang/ClassNotFoundException'{0x00000000cbe60c18}: java/lang/ObjectCustomizer> (0x00000000cbe60c18) 
thrown [./open/src/hotspot/share/classfile/systemDictionary.cpp, line 295]
Event: 42.885 Thread 0x000002399bacd3d0 Exception <a 'java/lang/ClassNotFoundException'{0x00000000cbe6a430}: com/org/cts/model/DepartmentCustomizer> (0x00000000cbe6a430) 
thrown [./open/src/hotspot/share/classfile/systemDictionary.cpp, line 295]
Event: 43.157 Thread 0x000002399bacd3d0 Exception <a 'java/lang/NoSuchMethodError'{0x00000000cbdf0a80}: 'java.lang.Object java.lang.invoke.DirectMethodHandle$Holder.invokeStaticInit(java.lang.Object, java.lang.Object, java.lang.Object, java.lang.Object, java.lang.Object, java.lang.Object)'> (0x00000000cbdf0a80) 
thrown [./open/src/hotspot/share/interpreter/linkResolver.cpp, line 782]
Event: 43.313 Thread 0x000002399bacd3d0 Implicit null exception at 0x000002398fc45d55 to 0x000002398fc461d0
Event: 43.313 Thread 0x000002399bacd3d0 Implicit null exception at 0x000002398fce9f6d to 0x000002398fcea568
Event: 205.498 Thread 0x00000239ffe015e0 Exception <a 'sun/net/ConnectionResetException'{0x00000000cbcdc1a0}: Connection reset> (0x00000000cbcdc1a0) 
thrown [./open/src/hotspot/share/prims/jni.cpp, line 599]
Event: 1771.952 Thread 0x000002399bad08c0 Exception <a 'java/io/IOException'{0x00000000cbaec7f0}> (0x00000000cbaec7f0) 
thrown [./open/src/hotspot/share/prims/jni.cpp, line 578]
Event: 1771.963 Thread 0x000002399bad08c0 Exception <a 'java/io/IOException'{0x00000000cbaed100}> (0x00000000cbaed100) 
thrown [./open/src/hotspot/share/prims/jni.cpp, line 578]
Event: 1795.755 Thread 0x000002399bacf580 Exception <a 'java/net/SocketException'{0x00000000cc1ad9d8}: Connection reset by peer: shutdown> (0x00000000cc1ad9d8) 
thrown [./open/src/hotspot/share/prims/jni.cpp, line 599]
Event: 1795.798 Thread 0x000002399bad08c0 Implicit null exception at 0x000002398fd753cb to 0x000002398fd75ae0
Event: 1797.631 Thread 0x000002399bacf580 Exception <a 'java/net/SocketException'{0x00000000cc1af230}: Connection reset by peer: shutdown> (0x00000000cc1af230) 
thrown [./open/src/hotspot/share/prims/jni.cpp, line 599]
Event: 1802.720 Thread 0x000002399bacf580 Exception <a 'java/net/SocketException'{0x00000000cb51da70}: Connection reset by peer: shutdown> (0x00000000cb51da70) 
thrown [./open/src/hotspot/share/prims/jni.cpp, line 599]

Events (20 events):
Event: 1771.973 loading class javax/crypto/AEADBadTagException
Event: 1771.985 loading class javax/crypto/AEADBadTagException done
Event: 1777.003 Thread 0x000002399bad08c0 Thread exited: 0x000002399bad08c0
Event: 1777.337 Thread 0x000002399bace240 Thread exited: 0x000002399bace240
Event: 1785.743 Thread 0x000002399bacf580 Thread added: 0x000002399bacf580
Event: 1785.743 Thread 0x000002399bace240 Thread added: 0x000002399bace240
Event: 1786.221 Executing VM operation: G1CollectForAllocation
Event: 1786.391 Executing VM operation: G1CollectForAllocation done
Event: 1786.715 Executing VM operation: G1Concurrent
Event: 1787.359 Executing VM operation: G1Concurrent done
Event: 1787.403 Executing VM operation: G1Concurrent
Event: 1788.087 Executing VM operation: G1Concurrent done
Event: 1791.158 Thread 0x000002399bacf580 Thread exited: 0x000002399bacf580
Event: 1791.491 Thread 0x000002399bace240 Thread exited: 0x000002399bace240
Event: 1795.678 Thread 0x000002399bacf580 Thread added: 0x000002399bacf580
Event: 1795.682 Thread 0x000002399bad08c0 Thread added: 0x000002399bad08c0
Event: 1802.742 Executing VM operation: G1CollectForAllocation
Event: 1802.757 Executing VM operation: G1CollectForAllocation done
Event: 1802.762 Executing VM operation: G1CollectForAllocation
Event: 1802.798 Executing VM operation: G1CollectForAllocation done


Dynamic libraries:
0x00007ff6e4260000 - 0x00007ff6e426f000 	C:\Program Files\Java\jdk-15\bin\java.exe
0x00007ff9fa5e0000 - 0x00007ff9fa7e9000 	C:\WINDOWS\SYSTEM32\ntdll.dll
0x00007ff9d3b50000 - 0x00007ff9d3b67000 	C:\Program Files\Avast Software\Avast\aswhook.dll
0x00007ff9f8de0000 - 0x00007ff9f8e9d000 	C:\WINDOWS\System32\KERNEL32.DLL
0x00007ff9f8030000 - 0x00007ff9f83ac000 	C:\WINDOWS\System32\KERNELBASE.dll
0x00007ff9f7d30000 - 0x00007ff9f7e41000 	C:\WINDOWS\System32\ucrtbase.dll
0x00007ff96d830000 - 0x00007ff96d848000 	C:\Program Files\Java\jdk-15\bin\jli.dll
0x00007ff96b9b0000 - 0x00007ff96b9c9000 	C:\Program Files\Java\jdk-15\bin\VCRUNTIME140.dll
0x00007ff9f8650000 - 0x00007ff9f86fe000 	C:\WINDOWS\System32\ADVAPI32.dll
0x00007ff9f85a0000 - 0x00007ff9f8643000 	C:\WINDOWS\System32\msvcrt.dll
0x00007ff9f8470000 - 0x00007ff9f850e000 	C:\WINDOWS\System32\sechost.dll
0x00007ff9f9c80000 - 0x00007ff9f9da0000 	C:\WINDOWS\System32\RPCRT4.dll
0x00007ff9f94e0000 - 0x00007ff9f968d000 	C:\WINDOWS\System32\USER32.dll
0x00007ff9f7ac0000 - 0x00007ff9f7ae6000 	C:\WINDOWS\System32\win32u.dll
0x00007ff9f8700000 - 0x00007ff9f8729000 	C:\WINDOWS\System32\GDI32.dll
0x00007ff9d34c0000 - 0x00007ff9d3765000 	C:\WINDOWS\WinSxS\amd64_microsoft.windows.common-controls_6595b64144ccf1df_6.0.22000.120_none_9d947278b86cc467\COMCTL32.dll
0x00007ff9f7af0000 - 0x00007ff9f7c09000 	C:\WINDOWS\System32\gdi32full.dll
0x00007ff9f7c90000 - 0x00007ff9f7d2d000 	C:\WINDOWS\System32\msvcp_win.dll
0x00007ff9ef270000 - 0x00007ff9ef27a000 	C:\WINDOWS\SYSTEM32\VERSION.dll
0x00007ff9fa560000 - 0x00007ff9fa591000 	C:\WINDOWS\System32\IMM32.DLL
0x00007ff9c6f40000 - 0x00007ff9c6f4c000 	C:\Program Files\Java\jdk-15\bin\vcruntime140_1.dll
0x00007ff966b50000 - 0x00007ff966be1000 	C:\Program Files\Java\jdk-15\bin\msvcp140.dll
0x00007ff93f450000 - 0x00007ff93ffac000 	C:\Program Files\Java\jdk-15\bin\server\jvm.dll
0x00007ff9f9970000 - 0x00007ff9f9978000 	C:\WINDOWS\System32\PSAPI.DLL
0x00007ff9e2be0000 - 0x00007ff9e2be9000 	C:\WINDOWS\SYSTEM32\WSOCK32.dll
0x00007ff9f9980000 - 0x00007ff9f99ef000 	C:\WINDOWS\System32\WS2_32.dll
0x00007ff9f12e0000 - 0x00007ff9f1313000 	C:\WINDOWS\SYSTEM32\WINMM.dll
0x00007ff9f6bb0000 - 0x00007ff9f6bc8000 	C:\WINDOWS\SYSTEM32\kernel.appcore.dll
0x00007ff9c5770000 - 0x00007ff9c577a000 	C:\Program Files\Java\jdk-15\bin\jimage.dll
0x00007ff9f5860000 - 0x00007ff9f5a81000 	C:\WINDOWS\SYSTEM32\DBGHELP.DLL
0x00007ff9e58b0000 - 0x00007ff9e58e1000 	C:\WINDOWS\SYSTEM32\dbgcore.DLL
0x00007ff9f7c10000 - 0x00007ff9f7c8f000 	C:\WINDOWS\System32\bcryptPrimitives.dll
0x00007ff9f1da0000 - 0x00007ff9f1dae000 	C:\Program Files\Java\jdk-15\bin\instrument.dll
0x00007ff966b20000 - 0x00007ff966b45000 	C:\Program Files\Java\jdk-15\bin\java.dll
0x00007ff9f9da0000 - 0x00007ff9fa558000 	C:\WINDOWS\System32\SHELL32.dll
0x00007ff9f5c20000 - 0x00007ff9f6488000 	C:\WINDOWS\SYSTEM32\windows.storage.dll
0x00007ff9f90e0000 - 0x00007ff9f9459000 	C:\WINDOWS\System32\combase.dll
0x00007ff9f5ab0000 - 0x00007ff9f5c16000 	C:\WINDOWS\SYSTEM32\wintypes.dll
0x00007ff9f9b90000 - 0x00007ff9f9c7a000 	C:\WINDOWS\System32\SHCORE.dll
0x00007ff9f8830000 - 0x00007ff9f888d000 	C:\WINDOWS\System32\shlwapi.dll
0x00007ff9f79f0000 - 0x00007ff9f7a11000 	C:\WINDOWS\SYSTEM32\profapi.dll
0x00007ff966ac0000 - 0x00007ff966ad8000 	C:\Program Files\Java\jdk-15\bin\zip.dll
0x00007ff966b00000 - 0x00007ff966b19000 	C:\Program Files\Java\jdk-15\bin\net.dll
0x00007ff9f2200000 - 0x00007ff9f230c000 	C:\WINDOWS\SYSTEM32\WINHTTP.dll
0x00007ff9f6fe0000 - 0x00007ff9f7047000 	C:\WINDOWS\system32\mswsock.dll
0x00007ff966ae0000 - 0x00007ff966af2000 	C:\Program Files\Java\jdk-15\bin\nio.dll
0x00007ff9cc5f0000 - 0x00007ff9cc60a000 	C:\Program Files\JetBrains\IntelliJ IDEA Community Edition 2022.2.1\bin\breakgen64.dll
0x00007ff9c29a0000 - 0x00007ff9c29b0000 	C:\Program Files\Java\jdk-15\bin\verify.dll
0x00007ff9db8f0000 - 0x00007ff9db8f9000 	C:\Program Files\Java\jdk-15\bin\management.dll
0x00007ff9ce2f0000 - 0x00007ff9ce2fb000 	C:\Program Files\Java\jdk-15\bin\management_ext.dll
0x00007ff9e2930000 - 0x00007ff9e2947000 	C:\WINDOWS\system32\napinsp.dll
0x00007ff9dd900000 - 0x00007ff9dd91b000 	C:\WINDOWS\system32\pnrpnsp.dll
0x00007ff9f6710000 - 0x00007ff9f67f8000 	C:\WINDOWS\SYSTEM32\DNSAPI.dll
0x00007ff9f66e0000 - 0x00007ff9f670d000 	C:\WINDOWS\SYSTEM32\IPHLPAPI.DLL
0x00007ff9f8fe0000 - 0x00007ff9f8fe9000 	C:\WINDOWS\System32\NSI.dll
0x00007ff9d81d0000 - 0x00007ff9d81e2000 	C:\WINDOWS\System32\winrnr.dll
0x00007ff9d81b0000 - 0x00007ff9d81c5000 	C:\WINDOWS\system32\wshbth.dll
0x00007ff9d8190000 - 0x00007ff9d81af000 	C:\WINDOWS\system32\nlansp_c.dll
0x00007ff9ed960000 - 0x00007ff9ed96a000 	C:\Windows\System32\rasadhlp.dll
0x00007ff9ecf90000 - 0x00007ff9ed011000 	C:\WINDOWS\System32\fwpuclnt.dll
0x00007ff9f7220000 - 0x00007ff9f7238000 	C:\WINDOWS\SYSTEM32\CRYPTSP.dll
0x00007ff9f6b10000 - 0x00007ff9f6b45000 	C:\WINDOWS\system32\rsaenh.dll
0x00007ff9f70d0000 - 0x00007ff9f70f9000 	C:\WINDOWS\SYSTEM32\USERENV.dll
0x00007ff9f7420000 - 0x00007ff9f7447000 	C:\WINDOWS\SYSTEM32\bcrypt.dll
0x00007ff9f7240000 - 0x00007ff9f724c000 	C:\WINDOWS\SYSTEM32\CRYPTBASE.dll
0x00007ff9f2150000 - 0x00007ff9f2169000 	C:\WINDOWS\SYSTEM32\dhcpcsvc6.DLL
0x00007ff9f2ad0000 - 0x00007ff9f2aee000 	C:\WINDOWS\SYSTEM32\dhcpcsvc.DLL
0x00007ff9cc9c0000 - 0x00007ff9cc9cd000 	C:\Program Files\Java\jdk-15\bin\sunmscapi.dll
0x00007ff9f7ec0000 - 0x00007ff9f8022000 	C:\WINDOWS\System32\CRYPT32.dll
0x00007ff9f73f0000 - 0x00007ff9f7418000 	C:\WINDOWS\SYSTEM32\ncrypt.dll
0x00007ff9f73b0000 - 0x00007ff9f73e7000 	C:\WINDOWS\SYSTEM32\NTASN1.dll

dbghelp: loaded successfully - version: 4.0.5 - missing functions: none
symbol engine: initialized successfully - sym options: 0x614 - pdb path: .;C:\Program Files\Java\jdk-15\bin;C:\WINDOWS\SYSTEM32;C:\Program Files\Avast Software\Avast;C:\WINDOWS\WinSxS\amd64_microsoft.windows.common-controls_6595b64144ccf1df_6.0.22000.120_none_9d947278b86cc467;C:\Program Files\Java\jdk-15\bin\server;C:\Program Files\JetBrains\IntelliJ IDEA Community Edition 2022.2.1\bin

VM Arguments:
jvm_args: -javaagent:C:\Program Files\JetBrains\IntelliJ IDEA Community Edition 2022.2.1\lib\idea_rt.jar=50163:C:\Program Files\JetBrains\IntelliJ IDEA Community Edition 2022.2.1\bin -Dfile.encoding=UTF-8 
java_command: com.org.cts.DepartmentApplication
java_class_path (initial): C:\Users\nagam\Downloads\department\department\target\classes;C:\Users\nagam\.m2\repository\org\springframework\boot\spring-boot-starter-data-jpa\2.7.4\spring-boot-starter-data-jpa-2.7.4.jar;C:\Users\nagam\.m2\repository\org\springframework\boot\spring-boot-starter-aop\2.7.4\spring-boot-starter-aop-2.7.4.jar;C:\Users\nagam\.m2\repository\org\springframework\spring-aop\5.3.23\spring-aop-5.3.23.jar;C:\Users\nagam\.m2\repository\org\aspectj\aspectjweaver\1.9.7\aspectjweaver-1.9.7.jar;C:\Users\nagam\.m2\repository\org\springframework\boot\spring-boot-starter-jdbc\2.7.4\spring-boot-starter-jdbc-2.7.4.jar;C:\Users\nagam\.m2\repository\com\zaxxer\HikariCP\4.0.3\HikariCP-4.0.3.jar;C:\Users\nagam\.m2\repository\org\springframework\spring-jdbc\5.3.23\spring-jdbc-5.3.23.jar;C:\Users\nagam\.m2\repository\jakarta\transaction\jakarta.transaction-api\1.3.3\jakarta.transaction-api-1.3.3.jar;C:\Users\nagam\.m2\repository\jakarta\persistence\jakarta.persistence-api\2.2.3\jakarta.persistence-api-2.2.3.jar;C:\Users\nagam\.m2\repository\org\hibernate\hibernate-core\5.6.11.Final\hibernate-core-5.6.11.Final.jar;C:\Users\nagam\.m2\repository\org\jboss\logging\jboss-logging\3.4.3.Final\jboss-logging-3.4.3.Final.jar;C:\Users\nagam\.m2\repository\net\bytebuddy\byte-buddy\1.12.17\byte-buddy-1.12.17.jar;C:\Users\nagam\.m2\repository\antlr\antlr\2.7.7\antlr-2.7.7.jar;C:\Users\nagam\.m2\repository\org\jboss\jandex\2.4.2.Final\jandex-2.4.2.Final.jar;C:\Users\nagam\.m2\repository\com\fasterxml\classmate\1.5.1\classmate-1.5.1.jar;C:\Users\nagam\.m2\repository\org\hibernate\common\hibernate-commons-annotations\5.1.2.Final\hibernate-commons-annotations-5.1.2.Final.jar;C:\Users\nagam\.m2\repository\org\glassfish\jaxb\jaxb-runtime\2.3.6\jaxb-runtime-2.3.6.jar;C:\Users\nagam\.m2\repository\org\glassfish\jaxb\txw2\2.3.6\txw2-2.3.6.jar;C:\Users\nagam\.m2\repository\com\sun\istack\istack-commons-runtime\3.0.12\istack-commons-runtime-3.0.12.jar;C:\Users\nagam\.m2\repository\com\s
Launcher Type: SUN_STANDARD

[Global flags]
     intx CICompilerCount                          = 3                                         {product} {ergonomic}
     uint ConcGCThreads                            = 1                                         {product} {ergonomic}
     uint G1ConcRefinementThreads                  = 4                                         {product} {ergonomic}
   size_t G1HeapRegionSize                         = 1048576                                   {product} {ergonomic}
    uintx GCDrainStackTargetSize                   = 64                                        {product} {ergonomic}
   size_t InitialHeapSize                          = 58720256                                  {product} {ergonomic}
   size_t MarkStackSize                            = 4194304                                   {product} {ergonomic}
   size_t MaxHeapSize                              = 924844032                                 {product} {ergonomic}
   size_t MaxNewSize                               = 554696704                                 {product} {ergonomic}
   size_t MinHeapDeltaBytes                        = 1048576                                   {product} {ergonomic}
   size_t MinHeapSize                              = 8388608                                   {product} {ergonomic}
    uintx NonNMethodCodeHeapSize                   = 5832780                                {pd product} {ergonomic}
    uintx NonProfiledCodeHeapSize                  = 122912730                              {pd product} {ergonomic}
    uintx ProfiledCodeHeapSize                     = 122912730                              {pd product} {ergonomic}
    uintx ReservedCodeCacheSize                    = 251658240                              {pd product} {ergonomic}
     bool SegmentedCodeCache                       = true                                      {product} {ergonomic}
   size_t SoftMaxHeapSize                          = 924844032                              {manageable} {ergonomic}
     bool UseCompressedClassPointers               = true                                 {lp64_product} {ergonomic}
     bool UseCompressedOops                        = true                                 {lp64_product} {ergonomic}
     bool UseG1GC                                  = true                                      {product} {ergonomic}
     bool UseLargePagesIndividualAllocation        = false                                  {pd product} {ergonomic}

Logging:
Log output configuration:
 #0: stdout all=warning uptime,level,tags
 #1: stderr all=off uptime,level,tags

Environment Variables:
PATH=C:\Program Files (x86)\VMware\VMware Workstation\bin\;C:\Program Files (x86)\Common Files\Oracle\Java\javapath;C:\Program Files\Common Files\Oracle\Java\javapath;C:\WINDOWS\system32;C:\WINDOWS;C:\WINDOWS\System32\Wbem;C:\WINDOWS\System32\WindowsPowerShell\v1.0\;C:\WINDOWS\System32\OpenSSH\;C:\Program Files\Git\cmd;C:\Program Files\apache-maven-3.8.6\bin;C:\Program Files\MySQL\MySQL Shell 8.0\bin\;C:\Users\nagam\AppData\Local\Programs\Python\Python39\Scripts\;C:\Users\nagam\AppData\Local\Programs\Python\Python39\;C:\Users\nagam\AppData\Local\Microsoft\WindowsApps;;C:\Users\nagam\AppData\Local\Programs\Microsoft VS Code\bin
USERNAME=nagam
OS=Windows_NT
PROCESSOR_IDENTIFIER=AMD64 Family 23 Model 24 Stepping 1, AuthenticAMD



---------------  S Y S T E M  ---------------

OS:
 Windows 10 , 64 bit Build 22000 (10.0.22000.708)
OS uptime: 4 days 4:48 hours

CPU: total 4 (initial active 4) (4 cores per cpu, 2 threads per core) family 23 model 24 stepping 1, cmov, cx8, fxsr, mmx, sse, sse2, sse3, ssse3, sse4.1, sse4.2, popcnt, vzeroupper, avx, avx2, aes, clmul, 3dnowpref, lzcnt, sse4a, ht, tsc, tscinvbit, tscinv, bmi1, bmi2, adx, sha, fma, clflush, clflushopt

Memory: 4k page, system-wide physical 3526M (56M free)
TotalPageFile size 14278M (AvailPageFile size 0M)
current process WorkingSet (physical memory assigned to process): 129M, peak: 185M
current process commit charge ("private bytes"): 221M, peak: 247M

vm_info: Java HotSpot(TM) 64-Bit Server VM (15+36-1562) for windows-amd64 JRE (15+36-1562), built on Aug 11 2020 22:38:02 by "mach5one" with unknown MS VC++:1925

END.
